<?xml version="1.0" encoding="UTF-8"?>
<!-- Generated by org.testng.reporters.JUnitReportReporter -->
<testsuite hostname="LAPTOP-ENMHPA16" failures="0" tests="1" name="org.testNG_Json_restAssure.Sample_get_Id_json_body" time="2.079" errors="0" timestamp="08 Apr 2024 04:25:56 GMT" skipped="0">
  <testcase classname="org.testNG_Json_restAssure.Sample_get_Id_json_body" name="getId_fromJson" time="2.079"/>
</testsuite> <!-- org.testNG_Json_restAssure.Sample_get_Id_json_body -->
