<?xml version="1.0" encoding="UTF-8"?>
<!-- Generated by org.testng.reporters.JUnitReportReporter -->
<testsuite hostname="LAPTOP-ENMHPA16" failures="0" tests="1" name="org.Swagger_Document_Day8.sample" time="2.645" errors="0" timestamp="16 Apr 2024 06:50:50 GMT" skipped="0">
  <testcase classname="org.Swagger_Document_Day8.sample" name="login" time="2.645"/>
</testsuite> <!-- org.Swagger_Document_Day8.sample -->
