<?xml version="1.0" encoding="UTF-8"?>
<!-- Generated by org.testng.reporters.JUnitReportReporter -->
<testsuite hostname="LAPTOP-ENMHPA16" failures="0" tests="1" name="org.testNG_Json_restAssure.Sample_usingBaseclass" time="1.490" errors="0" timestamp="08 Apr 2024 03:56:04 GMT" skipped="0">
  <testcase classname="org.testNG_Json_restAssure.Sample_usingBaseclass" name="getSingleUser" time="1.490"/>
</testsuite> <!-- org.testNG_Json_restAssure.Sample_usingBaseclass -->
