<?xml version="1.0" encoding="UTF-8"?>
<!-- Generated by org.testng.reporters.JUnitReportReporter -->
<testsuite hostname="LAPTOP-ENMHPA16" failures="0" tests="3" name="org.Swagger_document_day9.Sample3" time="4.762" errors="0" timestamp="17 Apr 2024 07:00:28 GMT" skipped="0">
  <testcase classname="org.Swagger_document_day9.Sample3" name="Login" time="2.580"/>
  <testcase classname="org.Swagger_document_day9.Sample3" name="GetStateList" time="1.400"/>
  <testcase classname="org.Swagger_document_day9.Sample3" name="GetCityList" time="0.782"/>
</testsuite> <!-- org.Swagger_document_day9.Sample3 -->
