<?xml version="1.0" encoding="UTF-8"?>
<!-- Generated by org.testng.reporters.JUnitReportReporter -->
<testsuite hostname="LAPTOP-ENMHPA16" failures="0" tests="2" name="org.Swagger_document_day9.Sample2" time="2.878" errors="0" timestamp="17 Apr 2024 06:59:48 GMT" skipped="0">
  <testcase classname="org.Swagger_document_day9.Sample2" name="Login" time="2.096"/>
  <testcase classname="org.Swagger_document_day9.Sample2" name="GetStateList" time="0.782"/>
</testsuite> <!-- org.Swagger_document_day9.Sample2 -->
