<?xml version="1.0" encoding="UTF-8"?>
<!-- Generated by org.testng.reporters.JUnitReportReporter -->
<testsuite hostname="LAPTOP-ENMHPA16" failures="0" tests="1" name="org.Swagger_document_day9.Sample" time="2.813" errors="0" timestamp="22 Apr 2024 07:05:27 GMT" skipped="0">
  <testcase classname="org.Swagger_document_day9.Sample" name="Login" time="2.813"/>
</testsuite> <!-- org.Swagger_document_day9.Sample -->
