<?xml version="1.0" encoding="UTF-8"?>
<!-- Generated by org.testng.reporters.JUnitReportReporter -->
<testsuite hostname="LAPTOP-ENMHPA16" failures="0" tests="1" name="org.Swagger_document_day9.sample7" time="3.138" errors="0" timestamp="22 Apr 2024 07:19:46 GMT" skipped="0">
  <testcase classname="org.Swagger_document_day9.sample7" name="Login" time="3.138"/>
</testsuite> <!-- org.Swagger_document_day9.sample7 -->
