<?xml version="1.0" encoding="UTF-8"?>
<!-- Generated by org.testng.reporters.JUnitReportReporter -->
<testsuite hostname="LAPTOP-ENMHPA16" failures="0" tests="4" name="org.Swagger_document_day9.Sample4" time="6.834" errors="0" timestamp="17 Apr 2024 08:59:33 GMT" skipped="0">
  <testcase classname="org.Swagger_document_day9.Sample4" name="Login" time="3.841"/>
  <testcase classname="org.Swagger_document_day9.Sample4" name="GetStateList" time="1.091"/>
  <testcase classname="org.Swagger_document_day9.Sample4" name="GetCityList" time="0.857"/>
  <testcase classname="org.Swagger_document_day9.Sample4" name="creatAddress" time="1.045"/>
</testsuite> <!-- org.Swagger_document_day9.Sample4 -->
