<?xml version="1.0" encoding="UTF-8"?>
<!-- Generated by org.testng.reporters.JUnitReportReporter -->
<testsuite hostname="LAPTOP-ENMHPA16" failures="0" tests="1" name="org.testNG_Json_restAssure.Sample" time="1.648" errors="0" timestamp="07 Apr 2024 14:15:08 GMT" skipped="0">
  <testcase classname="org.testNG_Json_restAssure.Sample" name="getSingleuser" time="1.648"/>
</testsuite> <!-- org.testNG_Json_restAssure.Sample -->
