<?xml version="1.0" encoding="UTF-8"?>
<!-- Generated by org.testng.reporters.JUnitReportReporter -->
<testsuite hostname="LAPTOP-ENMHPA16" failures="0" tests="1" name="org.soft_Assert.sample" time="2.926" errors="0" timestamp="29 Mar 2024 17:10:30 GMT" skipped="0">
  <testcase classname="org.soft_Assert.sample" name="softAssert" time="2.926"/>
</testsuite> <!-- org.soft_Assert.sample -->
