<?xml version="1.0" encoding="UTF-8"?>
<!-- Generated by org.testng.reporters.JUnitReportReporter -->
<testsuite hostname="LAPTOP-ENMHPA16" failures="0" tests="2" name="org.Data_provider.exc1" time="1.174" errors="0" timestamp="24 Apr 2024 06:05:32 GMT" skipped="0">
  <testcase classname="org.Data_provider.exc1" name="tc1" time="0.684"/>
  <testcase classname="org.Data_provider.exc1" name="tc1" time="0.490"/>
</testsuite> <!-- org.Data_provider.exc1 -->
