<?xml version="1.0" encoding="UTF-8"?>
<!-- Generated by org.testng.reporters.JUnitReportReporter -->
<testsuite hostname="LAPTOP-ENMHPA16" failures="0" tests="2" name="org.Data_provider.exx2_1" time="1.277" errors="0" timestamp="24 Apr 2024 06:06:26 GMT" skipped="0">
  <testcase classname="org.Data_provider.exx2_1" name="tc1" time="0.713"/>
  <testcase classname="org.Data_provider.exx2_1" name="tc1" time="0.564"/>
</testsuite> <!-- org.Data_provider.exx2_1 -->
