<?xml version="1.0" encoding="UTF-8"?>
<!-- Generated by org.testng.reporters.JUnitReportReporter -->
<testsuite hostname="LAPTOP-ENMHPA16" failures="0" tests="1" name="org.Hardassert.sample" time="2.905" errors="0" timestamp="29 Mar 2024 16:48:22 GMT" skipped="0">
  <testcase classname="org.Hardassert.sample" name="test" time="2.905"/>
</testsuite> <!-- org.Hardassert.sample -->
