<?xml version="1.0" encoding="UTF-8"?>
<!-- Generated by org.testng.reporters.JUnitReportReporter -->
<testsuite hostname="LAPTOP-ENMHPA16" failures="0" tests="1" name="org.suitle_level_execution.test3" time="0.539" errors="0" timestamp="28 Mar 2024 16:54:50 GMT" skipped="0">
  <testcase classname="org.suitle_level_execution.test3" name="tc1" time="0.539"/>
</testsuite> <!-- org.suitle_level_execution.test3 -->
