<?xml version="1.0" encoding="UTF-8"?>
<!-- Generated by org.testng.reporters.JUnitReportReporter -->
<testsuite hostname="LAPTOP-ENMHPA16" failures="0" tests="4" name="org.Exc1.sample1" time="9.802" errors="0" timestamp="28 Mar 2024 09:03:23 GMT" skipped="0">
  <testcase classname="org.Exc1.sample1" name="login" time="0.407"/>
  <testcase classname="org.Exc1.sample1" name="searchproduct2" time="5.977"/>
  <testcase classname="org.Exc1.sample1" name="searchproduct" time="2.200"/>
  <testcase classname="org.Exc1.sample1" name="seatrchproduct3" time="1.218"/>
</testsuite> <!-- org.Exc1.sample1 -->
