<?xml version="1.0" encoding="UTF-8"?>
<!-- Generated by org.testng.reporters.JUnitReportReporter -->
<testsuite hostname="LAPTOP-ENMHPA16" failures="0" tests="1" name="org.suite_level_parameter.test2" time="0.703" errors="0" timestamp="29 Mar 2024 05:59:42 GMT" skipped="0">
  <testcase classname="org.suite_level_parameter.test2" name="tc1" time="0.703"/>
</testsuite> <!-- org.suite_level_parameter.test2 -->
