<?xml version="1.0" encoding="UTF-8"?>
<!-- Generated by org.testng.reporters.JUnitReportReporter -->
<testsuite hostname="LAPTOP-ENMHPA16" failures="0" tests="1" name="org.parameter_option.sample2" time="0.365" errors="0" timestamp="29 Mar 2024 06:14:43 GMT" skipped="0">
  <testcase classname="org.parameter_option.sample2" name="tc1" time="0.365"/>
</testsuite> <!-- org.parameter_option.sample2 -->
