<?xml version="1.0" encoding="UTF-8"?>
<!-- Generated by org.testng.reporters.JUnitReportReporter -->
<testsuite hostname="LAPTOP-ENMHPA16" failures="0" tests="6" name="org.Exc1.invocation_count" time="14.491" errors="0" timestamp="28 Mar 2024 16:03:21 GMT" skipped="0">
  <testcase classname="org.Exc1.invocation_count" name="searchproduct" time="6.032"/>
  <testcase classname="org.Exc1.invocation_count" name="searchproduct" time="2.042"/>
  <testcase classname="org.Exc1.invocation_count" name="searchproduct" time="1.968"/>
  <testcase classname="org.Exc1.invocation_count" name="searchproduct" time="2.095"/>
  <testcase classname="org.Exc1.invocation_count" name="login" time="0.509"/>
  <testcase classname="org.Exc1.invocation_count" name="searchproduct" time="1.845"/>
</testsuite> <!-- org.Exc1.invocation_count -->
