<?xml version="1.0" encoding="UTF-8"?>
<!-- Generated by org.testng.reporters.JUnitReportReporter -->
<testsuite hostname="LAPTOP-ENMHPA16" failures="0" tests="1" name="org.parall_execution_classlevel.sample1" time="0.005" errors="0" timestamp="29 Mar 2024 06:29:16 GMT" skipped="0">
  <testcase classname="org.parall_execution_classlevel.sample1" name="tc" time="0.005"/>
</testsuite> <!-- org.parall_execution_classlevel.sample1 -->
