<?xml version="1.0" encoding="UTF-8"?>
<!-- Generated by org.testng.reporters.JUnitReportReporter -->
<testsuite hostname="LAPTOP-ENMHPA16" failures="0" tests="3" name="org.parall_execution_testlevel.sample" time="18.096" errors="0" timestamp="29 Mar 2024 07:30:50 GMT" skipped="0">
  <testcase classname="org.parall_execution_testlevel.sample" name="test1" time="5.685"/>
  <testcase classname="org.parall_execution_testlevel.sample" name="test1" time="5.889"/>
  <testcase classname="org.parall_execution_testlevel.sample" name="test1" time="6.522"/>
</testsuite> <!-- org.parall_execution_testlevel.sample -->
